[2018-03-23 09:39:23] START
[2018-03-23 09:39:40] EDIT w2pbr/controllers/default.py: 0
[2018-03-23 16:59:50] CREATE db_0.py: 0
[2018-03-23 17:02:50] EDIT w2pbr/models/db_0.py: 6
[2018-03-23 17:03:51] EDIT w2pbr/controllers/default.py: -4
[2018-03-23 17:03:53] EDIT w2pbr/controllers/default.py: 0
[2018-03-23 17:04:02] EDIT w2pbr/views/default/index.html: -48
[2018-03-23 17:04:20] EDIT w2pbr/views/default/index.html: 1
[2018-03-23 17:05:59] EDIT w2pbr/views/default/index.html: 7
[2018-03-23 17:06:19] EDIT w2pbr/views/default/index.html: 1
[2018-03-23 17:06:35] EDIT w2pbr/views/default/index.html: 0
[2018-03-23 17:06:58] EDIT w2pbr/models/menu.py: 0
[2018-03-23 17:07:01] EDIT w2pbr/models/menu.py: -1
[2018-03-23 17:07:31] EDIT w2pbr/models/menu.py: 0
[2018-03-23 17:08:18] EDIT w2pbr/controllers/default.py: 0
[2018-03-23 17:10:57] EDIT w2pbr/views/default/index.html: 0
[2018-03-23 17:11:12] EDIT w2pbr/views/default/index.html: 0
[2018-03-23 17:12:10] EDIT w2pbr/views/default/index.html: 7
[2018-03-23 17:13:56] EDIT w2pbr/views/default/index.html: 8
[2018-03-23 17:13:59] EDIT w2pbr/views/default/index.html: 0
[2018-03-23 17:14:34] EDIT w2pbr/views/default/index.html: 13
[2018-03-23 17:14:45] EDIT w2pbr/views/default/index.html: -1
[2018-03-23 17:16:02] EDIT w2pbr/views/default/index.html: 0
[2018-03-23 17:16:22] EDIT w2pbr/views/default/index.html: -1
[2018-03-23 17:16:35] EDIT w2pbr/views/default/index.html: -1
[2018-03-23 17:17:44] EDIT w2pbr/views/default/index.html: 7
[2018-03-23 17:18:55] EDIT w2pbr/views/default/index.html: 1
[2018-03-23 17:33:48] UPLOAD /home/www-data/web2py/applications/w2pbr/static/css/style_lancar.css: 512
[2018-03-23 17:34:37] EDIT w2pbr/views/layout.html: 1
[2018-03-23 17:38:59] UPLOAD /home/www-data/web2py/applications/w2pbr/static/images/bg.jpg: 7130
[2018-03-23 17:42:11] EDIT w2pbr/views/layout.html: 5
[2018-03-23 17:43:29] EDIT w2pbr/views/layout.html: 0
[2018-03-23 17:43:41] EDIT w2pbr/views/layout.html: 0
[2018-03-23 17:43:56] EDIT w2pbr/views/layout.html: 0
[2018-03-24 12:44:25] EDIT w2pbr/controllers/appadmin.py: -5
[2018-03-24 17:54:04] EDIT w2pbr/views/layout.html: 0
[2018-03-24 17:54:08] EDIT w2pbr/views/layout.html: -6
